2018-08-06 12:51:20,224- Thread:[12] - Level:INFO  - From: NSLog.Logger.Info - Message: 
>>> Employee Login Start
[ ------------------------------------------------------------------------------------------------ ]
{"Email":"Admin@gmail.com","Password":"123","RememberMe":false,"ReturnUrl":null,"LanguageId":null}
[ ------------------------------------------------------------------------------------------------ ]

2018-08-06 12:51:20,581- Thread:[12] - Level:INFO  - From: NSLog.Logger.Info - Message: 
>>> Employee Login Done
[ ------------------------------------------------------------------------------------------------ ]
{"EmployeeID":"b2434522-0212-4e82-bea5-68dcceaf233d","EmployeeName":"Kenshin Admin","EmployeeEmail":"admin@gmail.com","EmployeeImageURL":"http://localhost:53321/Uploads/Employees/9fa3d940-40c3-4453-9510-fb1e6d7a80cf.jpg","IsSupperAdmin":true,"RoleID":null,"RoleName":null}
[ ------------------------------------------------------------------------------------------------ ]

2018-08-06 13:19:38,428- Thread:[8] - Level:INFO  - From: NSLog.Logger.Info - Message: 
>>> Employee Login Start
[ ------------------------------------------------------------------------------------------------ ]
{"Email":"Admin@gmail.com","Password":"123","RememberMe":false,"ReturnUrl":null,"LanguageId":null}
[ ------------------------------------------------------------------------------------------------ ]

2018-08-06 13:20:15,023- Thread:[8] - Level:INFO  - From: NSLog.Logger.Info - Message: 
>>> Employee Login Done
[ ------------------------------------------------------------------------------------------------ ]
{"EmployeeID":"b2434522-0212-4e82-bea5-68dcceaf233d","EmployeeName":"Kenshin Admin","EmployeeEmail":"admin@gmail.com","EmployeeImageURL":"http://localhost:53321/Uploads/Employees/9fa3d940-40c3-4453-9510-fb1e6d7a80cf.jpg","IsSupperAdmin":true,"RoleID":null,"RoleName":null}
[ ------------------------------------------------------------------------------------------------ ]

2018-08-06 23:01:11,441- Thread:[5] - Level:INFO  - From: NSLog.Logger.Info - Message: 
>>> Employee Login Start
[ ------------------------------------------------------------------------------------------------ ]
{"Email":"Admin@gmail.com","Password":"123","RememberMe":false,"ReturnUrl":null,"LanguageId":null}
[ ------------------------------------------------------------------------------------------------ ]

2018-08-06 23:01:11,580- Thread:[5] - Level:INFO  - From: NSLog.Logger.Info - Message: 
>>> Employee Login Done
[ ------------------------------------------------------------------------------------------------ ]
{"EmployeeID":"b2434522-0212-4e82-bea5-68dcceaf233d","EmployeeName":"Kenshin Admin","EmployeeEmail":"admin@gmail.com","EmployeeImageURL":"http://localhost:53321/Uploads/Employees/9fa3d940-40c3-4453-9510-fb1e6d7a80cf.jpg","IsSupperAdmin":true,"RoleID":null,"RoleName":null}
[ ------------------------------------------------------------------------------------------------ ]

2018-08-06 23:45:46,126- Thread:[10] - Level:INFO  - From: NSLog.Logger.Info - Message: 
>>> Employee Login Start
[ ------------------------------------------------------------------------------------------------ ]
{"Email":"Admin@gmail.com","Password":"123","RememberMe":false,"ReturnUrl":null,"LanguageId":null}
[ ------------------------------------------------------------------------------------------------ ]

2018-08-06 23:45:46,191- Thread:[10] - Level:INFO  - From: NSLog.Logger.Info - Message: 
>>> Employee Login Done
[ ------------------------------------------------------------------------------------------------ ]
{"EmployeeID":"b2434522-0212-4e82-bea5-68dcceaf233d","EmployeeName":"Kenshin Admin","EmployeeEmail":"admin@gmail.com","EmployeeImageURL":"http://localhost:53321/Uploads/Employees/9fa3d940-40c3-4453-9510-fb1e6d7a80cf.jpg","IsSupperAdmin":true,"RoleID":null,"RoleName":null}
[ ------------------------------------------------------------------------------------------------ ]

