2019-04-21 07:15:57,512- Thread:[8] - Level:INFO  - From: NSLog.Logger.Info - Message: 
>>> SendMail_Home_Subcriber: 
[ ------------------------------------------------------------------------------------------------ ]
"L?i khi luu thông tin"
[ ------------------------------------------------------------------------------------------------ ]

2019-04-21 07:29:30,979- Thread:[19] - Level:ERROR - From: NSLog.Logger.Error - Message: 
<<< Index: 
[ ************************************************************************************************ ]
{"ClassName":"System.NullReferenceException","Message":"Object reference not set to an instance of an object.","Data":null,"InnerException":null,"HelpURL":null,"StackTraceString":"   at CMS_Web.Controllers.ShopController.<>c__DisplayClass7_1.<Index>b__6(CMS_ImagesModels z) in D:\\My Outsource\\WebCar\\CMS-Web\\Controllers\\ShopController.cs:line 67\r\n   at System.Linq.Enumerable.FirstOrDefault[TSource](IEnumerable`1 source, Func`2 predicate)\r\n   at CMS_Web.Controllers.ShopController.<>c__DisplayClass7_0.<Index>b__5(CMS_ProductsModels x) in D:\\My Outsource\\WebCar\\CMS-Web\\Controllers\\ShopController.cs:line 67\r\n   at System.Collections.Generic.List`1.ForEach(Action`1 action)\r\n   at CMS_Web.Controllers.ShopController.Index() in D:\\My Outsource\\WebCar\\CMS-Web\\Controllers\\ShopController.cs:line 64","RemoteStackTraceString":null,"RemoteStackIndex":0,"ExceptionMethod":"8\n<Index>b__6\nCMS-Web, Version=1.0.0.0, Culture=neutral, PublicKeyToken=null\nCMS_Web.Controllers.ShopController+<>c__DisplayClass7_1\nBoolean <Index>b__6(CMS_DTO.CMSImage.CMS_ImagesModels)","HResult":-2147467261,"Source":"CMS-Web","WatsonBuckets":null}
[ ************************************************************************************************ ]

2019-04-21 08:13:27,513- Thread:[11] - Level:ERROR - From: NSLog.Logger.Error - Message: 
<<< Index: 
[ ************************************************************************************************ ]
{"ClassName":"System.NullReferenceException","Message":"Object reference not set to an instance of an object.","Data":null,"InnerException":null,"HelpURL":null,"StackTraceString":"   at CMS_Web.Controllers.ShopController.<>c__DisplayClass7_1.<Index>b__6(CMS_ImagesModels z) in D:\\My Outsource\\WebCar\\CMS-Web\\Controllers\\ShopController.cs:line 67\r\n   at System.Linq.Enumerable.FirstOrDefault[TSource](IEnumerable`1 source, Func`2 predicate)\r\n   at CMS_Web.Controllers.ShopController.<>c__DisplayClass7_0.<Index>b__5(CMS_ProductsModels x) in D:\\My Outsource\\WebCar\\CMS-Web\\Controllers\\ShopController.cs:line 67\r\n   at System.Collections.Generic.List`1.ForEach(Action`1 action)\r\n   at CMS_Web.Controllers.ShopController.Index() in D:\\My Outsource\\WebCar\\CMS-Web\\Controllers\\ShopController.cs:line 64","RemoteStackTraceString":null,"RemoteStackIndex":0,"ExceptionMethod":"8\n<Index>b__6\nCMS-Web, Version=1.0.0.0, Culture=neutral, PublicKeyToken=null\nCMS_Web.Controllers.ShopController+<>c__DisplayClass7_1\nBoolean <Index>b__6(CMS_DTO.CMSImage.CMS_ImagesModels)","HResult":-2147467261,"Source":"CMS-Web","WatsonBuckets":null}
[ ************************************************************************************************ ]

2019-04-21 08:14:38,975- Thread:[8] - Level:ERROR - From: NSLog.Logger.Error - Message: 
<<< Index: 
[ ************************************************************************************************ ]
{"ClassName":"System.NullReferenceException","Message":"Object reference not set to an instance of an object.","Data":null,"InnerException":null,"HelpURL":null,"StackTraceString":"   at CMS_Web.Controllers.ShopController.<>c__DisplayClass7_1.<Index>b__6(CMS_ImagesModels z) in D:\\My Outsource\\WebCar\\CMS-Web\\Controllers\\ShopController.cs:line 67\r\n   at System.Linq.Enumerable.FirstOrDefault[TSource](IEnumerable`1 source, Func`2 predicate)\r\n   at CMS_Web.Controllers.ShopController.<>c__DisplayClass7_0.<Index>b__5(CMS_ProductsModels x) in D:\\My Outsource\\WebCar\\CMS-Web\\Controllers\\ShopController.cs:line 67\r\n   at System.Collections.Generic.List`1.ForEach(Action`1 action)\r\n   at CMS_Web.Controllers.ShopController.Index() in D:\\My Outsource\\WebCar\\CMS-Web\\Controllers\\ShopController.cs:line 64","RemoteStackTraceString":null,"RemoteStackIndex":0,"ExceptionMethod":"8\n<Index>b__6\nCMS-Web, Version=1.0.0.0, Culture=neutral, PublicKeyToken=null\nCMS_Web.Controllers.ShopController+<>c__DisplayClass7_1\nBoolean <Index>b__6(CMS_DTO.CMSImage.CMS_ImagesModels)","HResult":-2147467261,"Source":"CMS-Web","WatsonBuckets":null}
[ ************************************************************************************************ ]

2019-04-21 09:40:36,114- Thread:[49] - Level:ERROR - From: NSLog.Logger.Error - Message: 
<<< Index: 
[ ************************************************************************************************ ]
{"ClassName":"System.NullReferenceException","Message":"Object reference not set to an instance of an object.","Data":null,"InnerException":null,"HelpURL":null,"StackTraceString":"   at CMS_Web.Controllers.ShopController.<>c__DisplayClass7_1.<Index>b__6(CMS_ImagesModels z) in D:\\My Outsource\\WebCar\\CMS-Web\\Controllers\\ShopController.cs:line 67\r\n   at System.Linq.Enumerable.FirstOrDefault[TSource](IEnumerable`1 source, Func`2 predicate)\r\n   at CMS_Web.Controllers.ShopController.<>c__DisplayClass7_0.<Index>b__5(CMS_ProductsModels x) in D:\\My Outsource\\WebCar\\CMS-Web\\Controllers\\ShopController.cs:line 67\r\n   at System.Collections.Generic.List`1.ForEach(Action`1 action)\r\n   at CMS_Web.Controllers.ShopController.Index() in D:\\My Outsource\\WebCar\\CMS-Web\\Controllers\\ShopController.cs:line 64","RemoteStackTraceString":null,"RemoteStackIndex":0,"ExceptionMethod":"8\n<Index>b__6\nCMS-Web, Version=1.0.0.0, Culture=neutral, PublicKeyToken=null\nCMS_Web.Controllers.ShopController+<>c__DisplayClass7_1\nBoolean <Index>b__6(CMS_DTO.CMSImage.CMS_ImagesModels)","HResult":-2147467261,"Source":"CMS-Web","WatsonBuckets":null}
[ ************************************************************************************************ ]

2019-04-21 10:02:35,158- Thread:[6] - Level:ERROR - From: NSLog.Logger.Error - Message: 
<<< Index: 
[ ************************************************************************************************ ]
{"ClassName":"System.NullReferenceException","Message":"Object reference not set to an instance of an object.","Data":null,"InnerException":null,"HelpURL":null,"StackTraceString":"   at CMS_Web.Controllers.ShopController.<>c__DisplayClass7_1.<Index>b__6(CMS_ImagesModels z) in D:\\My Outsource\\WebCar\\CMS-Web\\Controllers\\ShopController.cs:line 68\r\n   at System.Linq.Enumerable.FirstOrDefault[TSource](IEnumerable`1 source, Func`2 predicate)\r\n   at CMS_Web.Controllers.ShopController.<>c__DisplayClass7_0.<Index>b__5(CMS_ProductsModels x) in D:\\My Outsource\\WebCar\\CMS-Web\\Controllers\\ShopController.cs:line 68\r\n   at System.Collections.Generic.List`1.ForEach(Action`1 action)\r\n   at CMS_Web.Controllers.ShopController.Index() in D:\\My Outsource\\WebCar\\CMS-Web\\Controllers\\ShopController.cs:line 65","RemoteStackTraceString":null,"RemoteStackIndex":0,"ExceptionMethod":"8\n<Index>b__6\nCMS-Web, Version=1.0.0.0, Culture=neutral, PublicKeyToken=null\nCMS_Web.Controllers.ShopController+<>c__DisplayClass7_1\nBoolean <Index>b__6(CMS_DTO.CMSImage.CMS_ImagesModels)","HResult":-2147467261,"Source":"CMS-Web","WatsonBuckets":null}
[ ************************************************************************************************ ]

2019-04-21 10:03:08,965- Thread:[13] - Level:ERROR - From: NSLog.Logger.Error - Message: 
<<< Index: 
[ ************************************************************************************************ ]
{"ClassName":"System.NullReferenceException","Message":"Object reference not set to an instance of an object.","Data":null,"InnerException":null,"HelpURL":null,"StackTraceString":"   at CMS_Web.Controllers.ShopController.<>c__DisplayClass7_1.<Index>b__6(CMS_ImagesModels z) in D:\\My Outsource\\WebCar\\CMS-Web\\Controllers\\ShopController.cs:line 68\r\n   at System.Linq.Enumerable.FirstOrDefault[TSource](IEnumerable`1 source, Func`2 predicate)\r\n   at CMS_Web.Controllers.ShopController.<>c__DisplayClass7_0.<Index>b__5(CMS_ProductsModels x) in D:\\My Outsource\\WebCar\\CMS-Web\\Controllers\\ShopController.cs:line 68\r\n   at System.Collections.Generic.List`1.ForEach(Action`1 action)\r\n   at CMS_Web.Controllers.ShopController.Index() in D:\\My Outsource\\WebCar\\CMS-Web\\Controllers\\ShopController.cs:line 65","RemoteStackTraceString":null,"RemoteStackIndex":0,"ExceptionMethod":"8\n<Index>b__6\nCMS-Web, Version=1.0.0.0, Culture=neutral, PublicKeyToken=null\nCMS_Web.Controllers.ShopController+<>c__DisplayClass7_1\nBoolean <Index>b__6(CMS_DTO.CMSImage.CMS_ImagesModels)","HResult":-2147467261,"Source":"CMS-Web","WatsonBuckets":null}
[ ************************************************************************************************ ]

2019-04-21 10:16:20,903- Thread:[8] - Level:ERROR - From: NSLog.Logger.Error - Message: 
<<< Index: 
[ ************************************************************************************************ ]
{"ClassName":"System.NullReferenceException","Message":"Object reference not set to an instance of an object.","Data":null,"InnerException":null,"HelpURL":null,"StackTraceString":"   at CMS_Web.Controllers.ShopController.<>c__DisplayClass7_1.<Index>b__6(CMS_ImagesModels z) in D:\\My Outsource\\WebCar\\CMS-Web\\Controllers\\ShopController.cs:line 68\r\n   at System.Linq.Enumerable.FirstOrDefault[TSource](IEnumerable`1 source, Func`2 predicate)\r\n   at CMS_Web.Controllers.ShopController.<>c__DisplayClass7_0.<Index>b__5(CMS_ProductsModels x) in D:\\My Outsource\\WebCar\\CMS-Web\\Controllers\\ShopController.cs:line 68\r\n   at System.Collections.Generic.List`1.ForEach(Action`1 action)\r\n   at CMS_Web.Controllers.ShopController.Index() in D:\\My Outsource\\WebCar\\CMS-Web\\Controllers\\ShopController.cs:line 65","RemoteStackTraceString":null,"RemoteStackIndex":0,"ExceptionMethod":"8\n<Index>b__6\nCMS-Web, Version=1.0.0.0, Culture=neutral, PublicKeyToken=null\nCMS_Web.Controllers.ShopController+<>c__DisplayClass7_1\nBoolean <Index>b__6(CMS_DTO.CMSImage.CMS_ImagesModels)","HResult":-2147467261,"Source":"CMS-Web","WatsonBuckets":null}
[ ************************************************************************************************ ]

2019-04-21 10:17:48,962- Thread:[7] - Level:ERROR - From: NSLog.Logger.Error - Message: 
<<< Index: 
[ ************************************************************************************************ ]
{"ClassName":"System.NullReferenceException","Message":"Object reference not set to an instance of an object.","Data":null,"InnerException":null,"HelpURL":null,"StackTraceString":"   at CMS_Web.Controllers.ShopController.<>c__DisplayClass7_1.<Index>b__6(CMS_ImagesModels z) in D:\\My Outsource\\WebCar\\CMS-Web\\Controllers\\ShopController.cs:line 68\r\n   at System.Linq.Enumerable.FirstOrDefault[TSource](IEnumerable`1 source, Func`2 predicate)\r\n   at CMS_Web.Controllers.ShopController.<>c__DisplayClass7_0.<Index>b__5(CMS_ProductsModels x) in D:\\My Outsource\\WebCar\\CMS-Web\\Controllers\\ShopController.cs:line 68\r\n   at System.Collections.Generic.List`1.ForEach(Action`1 action)\r\n   at CMS_Web.Controllers.ShopController.Index() in D:\\My Outsource\\WebCar\\CMS-Web\\Controllers\\ShopController.cs:line 65","RemoteStackTraceString":null,"RemoteStackIndex":0,"ExceptionMethod":"8\n<Index>b__6\nCMS-Web, Version=1.0.0.0, Culture=neutral, PublicKeyToken=null\nCMS_Web.Controllers.ShopController+<>c__DisplayClass7_1\nBoolean <Index>b__6(CMS_DTO.CMSImage.CMS_ImagesModels)","HResult":-2147467261,"Source":"CMS-Web","WatsonBuckets":null}
[ ************************************************************************************************ ]

2019-04-21 10:20:33,483- Thread:[16] - Level:ERROR - From: NSLog.Logger.Error - Message: 
<<< Index: 
[ ************************************************************************************************ ]
{"ClassName":"System.NullReferenceException","Message":"Object reference not set to an instance of an object.","Data":null,"InnerException":null,"HelpURL":null,"StackTraceString":"   at CMS_Web.Controllers.ShopController.<>c__DisplayClass7_1.<Index>b__6(CMS_ImagesModels z) in D:\\My Outsource\\WebCar\\CMS-Web\\Controllers\\ShopController.cs:line 68\r\n   at System.Linq.Enumerable.FirstOrDefault[TSource](IEnumerable`1 source, Func`2 predicate)\r\n   at CMS_Web.Controllers.ShopController.<>c__DisplayClass7_0.<Index>b__5(CMS_ProductsModels x) in D:\\My Outsource\\WebCar\\CMS-Web\\Controllers\\ShopController.cs:line 68\r\n   at System.Collections.Generic.List`1.ForEach(Action`1 action)\r\n   at CMS_Web.Controllers.ShopController.Index() in D:\\My Outsource\\WebCar\\CMS-Web\\Controllers\\ShopController.cs:line 65","RemoteStackTraceString":null,"RemoteStackIndex":0,"ExceptionMethod":"8\n<Index>b__6\nCMS-Web, Version=1.0.0.0, Culture=neutral, PublicKeyToken=null\nCMS_Web.Controllers.ShopController+<>c__DisplayClass7_1\nBoolean <Index>b__6(CMS_DTO.CMSImage.CMS_ImagesModels)","HResult":-2147467261,"Source":"CMS-Web","WatsonBuckets":null}
[ ************************************************************************************************ ]

